<?xml version="1.0" encoding="UTF-8"?>
<!-- Generated by org.testng.reporters.JUnitReportReporter -->
<testsuite hostname="LAPTOP-MHCV0SMP" failures="0" tests="4" name="client.web.ui.testng.ValidateLoginFunctionalityTest" time="8.670" errors="0" timestamp="04 May 2021 15:37:55 GMT" skipped="0">
  <testcase classname="client.web.ui.testng.ValidateLoginFunctionalityTest" name="Precondition_to_validate_login_functionality" time="1.979"/>
  <testcase classname="client.web.ui.testng.ValidateLoginFunctionalityTest" name="validate_login_with_incorrect_username" time="2.444"/>
  <testcase classname="client.web.ui.testng.ValidateLoginFunctionalityTest" name="validate_login_with_incorrect_password" time="2.212"/>
  <testcase classname="client.web.ui.testng.ValidateLoginFunctionalityTest" name="validate_login_with_correct_credentials" time="2.035"/>
</testsuite> <!-- client.web.ui.testng.ValidateLoginFunctionalityTest -->
