<?xml version="1.0" encoding="UTF-8"?>
<!-- Generated by org.testng.reporters.JUnitReportReporter -->
<testsuite hostname="DESKTOP-VQMDNUN" failures="0" tests="4" name="client.web.ui.testng.Validate_login_functionality" time="26.830" errors="0" timestamp="2021-04-17T23:37:32 IST" skipped="0">
  <testcase classname="client.web.ui.testng.Validate_login_functionality" name="Precondition_to_validate_login_functionality" time="12.119"/>
  <system-out/>
  <testcase classname="client.web.ui.testng.Validate_login_functionality" name="validate_login_with_incorrect_username" time="8.653"/>
  <system-out/>
  <testcase classname="client.web.ui.testng.Validate_login_functionality" name="validate_login_with_incorrect_password" time="2.789"/>
  <system-out/>
  <testcase classname="client.web.ui.testng.Validate_login_functionality" name="validate_login_with_correct_credentials" time="3.269"/>
  <system-out/>
</testsuite> <!-- client.web.ui.testng.Validate_login_functionality -->
