<?xml version="1.0" encoding="UTF-8"?>
<!-- Generated by org.testng.reporters.JUnitReportReporter -->
<testsuite hostname="DESKTOP-VQMDNUN" failures="0" tests="4" name="sample.Validate_login_functionality" time="18.616" errors="0" timestamp="2021-04-13T21:51:20 IST" skipped="0">
  <testcase classname="sample.Validate_login_functionality" name="Precondition_to_validate_login_functionality" time="6.997"/>
  <system-out/>
  <testcase classname="sample.Validate_login_functionality" name="validate_login_with_incorrect_username" time="5.225"/>
  <system-out/>
  <testcase classname="sample.Validate_login_functionality" name="validate_login_with_incorrect_password" time="3.037"/>
  <system-out/>
  <testcase classname="sample.Validate_login_functionality" name="validate_login_with_correct_credentials" time="3.357"/>
  <system-out/>
</testsuite> <!-- sample.Validate_login_functionality -->
