<?xml version="1.0" encoding="UTF-8"?>
<!-- Generated by org.testng.reporters.JUnitReportReporter -->
<testsuite hostname="DESKTOP-VQMDNUN" failures="0" tests="4" name="sample.Validate_login_functionality" time="22.352" errors="0" timestamp="2021-04-14T19:08:41 IST" skipped="0">
  <testcase classname="sample.Validate_login_functionality" name="Precondition_to_validate_login_functionality" time="8.021"/>
  <system-out/>
  <testcase classname="sample.Validate_login_functionality" name="validate_login_with_incorrect_username" time="5.702"/>
  <system-out/>
  <testcase classname="sample.Validate_login_functionality" name="validate_login_with_incorrect_password" time="4.384"/>
  <system-out/>
  <testcase classname="sample.Validate_login_functionality" name="validate_login_with_correct_credentials" time="4.245"/>
  <system-out/>
</testsuite> <!-- sample.Validate_login_functionality -->
